This file contains any messages produced by compilers while
running configure, to aid debugging if configure makes a mistake.

It was created by STK configure 4.4, which was
generated by GNU Autoconf 2.63.  Invocation command line was

  $ ./configure 

## --------- ##
## Platform. ##
## --------- ##

hostname = dragoon
uname -m = x86_64
uname -r = 2.6.38-14-generic
uname -s = Linux
uname -v = #58-Ubuntu SMP Tue Mar 27 20:04:55 UTC 2012

/usr/bin/uname -p = unknown
/bin/uname -X     = unknown

/bin/arch              = unknown
/usr/bin/arch -k       = unknown
/usr/convex/getsysinfo = unknown
/usr/bin/hostinfo      = unknown
/bin/machine           = unknown
/usr/bin/oslevel       = unknown
/bin/universe          = unknown

PATH: /usr/local/sbin
PATH: /usr/local/bin
PATH: /usr/sbin
PATH: /usr/bin
PATH: /sbin
PATH: /bin
PATH: /usr/games
PATH: /usr/local/go/bin
PATH: /home/nick/bin
PATH: /home/nick/bin/gitflow
PATH: /home/nick/infosiftr/bin
PATH: /home/nick/android-sdks/tools
PATH: /home/nick/android-sdks/platform-tools
PATH: /home/nick/Desktop/temp/bin
PATH: /home/nick/setup-yfwd/bin


## ----------- ##
## Core tests. ##
## ----------- ##

configure:1938: checking for g++
configure:1954: found /usr/bin/g++
configure:1965: result: g++
configure:1992: checking for C++ compiler version
configure:2000: g++ --version >&5
g++ (Ubuntu/Linaro 4.5.2-8ubuntu4) 4.5.2
Copyright (C) 2010 Free Software Foundation, Inc.
This is free software; see the source for copying conditions.  There is NO
warranty; not even for MERCHANTABILITY or FITNESS FOR A PARTICULAR PURPOSE.

configure:2004: $? = 0
configure:2011: g++ -v >&5
Using built-in specs.
COLLECT_GCC=g++
COLLECT_LTO_WRAPPER=/usr/lib/x86_64-linux-gnu/gcc/x86_64-linux-gnu/4.5.2/lto-wrapper
Target: x86_64-linux-gnu
Configured with: ../src/configure -v --with-pkgversion='Ubuntu/Linaro 4.5.2-8ubuntu4' --with-bugurl=file:///usr/share/doc/gcc-4.5/README.Bugs --enable-languages=c,c++,fortran,objc,obj-c++ --prefix=/usr --program-suffix=-4.5 --enable-shared --enable-multiarch --with-multiarch-defaults=x86_64-linux-gnu --enable-linker-build-id --with-system-zlib --libexecdir=/usr/lib/x86_64-linux-gnu --without-included-gettext --enable-threads=posix --with-gxx-include-dir=/usr/include/c++/4.5 --libdir=/usr/lib/x86_64-linux-gnu --enable-nls --with-sysroot=/ --enable-clocale=gnu --enable-libstdcxx-debug --enable-libstdcxx-time=yes --enable-plugin --enable-gold --enable-ld=default --with-plugin-ld=ld.gold --enable-objc-gc --disable-werror --with-arch-32=i686 --with-tune=generic --enable-checking=release --build=x86_64-linux-gnu --host=x86_64-linux-gnu --target=x86_64-linux-gnu
Thread model: posix
gcc version 4.5.2 (Ubuntu/Linaro 4.5.2-8ubuntu4) 
configure:2015: $? = 0
configure:2022: g++ -V >&5
g++: '-V' option must have argument
configure:2026: $? = 1
configure:2049: checking for C++ compiler default output file name
configure:2071: g++    conftest.cpp  >&5
configure:2075: $? = 0
configure:2113: result: a.out
configure:2132: checking whether the C++ compiler works
configure:2142: ./a.out
configure:2146: $? = 0
configure:2165: result: yes
configure:2172: checking whether we are cross compiling
configure:2174: result: no
configure:2177: checking for suffix of executables
configure:2184: g++ -o conftest    conftest.cpp  >&5
configure:2188: $? = 0
configure:2214: result: 
configure:2220: checking for suffix of object files
configure:2246: g++ -c   conftest.cpp >&5
configure:2250: $? = 0
configure:2275: result: o
configure:2279: checking whether we are using the GNU C++ compiler
configure:2308: g++ -c   conftest.cpp >&5
configure:2315: $? = 0
configure:2332: result: yes
configure:2341: checking whether g++ accepts -g
configure:2371: g++ -c -g  conftest.cpp >&5
configure:2378: $? = 0
configure:2479: result: yes
configure:2545: checking for ranlib
configure:2561: found /usr/bin/ranlib
configure:2572: result: ranlib
configure:2596: checking for ar
configure:2614: found /usr/bin/ar
configure:2627: result: /usr/bin/ar
configure:2690: checking for gcc
configure:2706: found /usr/bin/gcc
configure:2717: result: gcc
configure:2949: checking for C compiler version
configure:2957: gcc --version >&5
gcc (Ubuntu/Linaro 4.5.2-8ubuntu4) 4.5.2
Copyright (C) 2010 Free Software Foundation, Inc.
This is free software; see the source for copying conditions.  There is NO
warranty; not even for MERCHANTABILITY or FITNESS FOR A PARTICULAR PURPOSE.

configure:2961: $? = 0
configure:2968: gcc -v >&5
Using built-in specs.
COLLECT_GCC=gcc
COLLECT_LTO_WRAPPER=/usr/lib/x86_64-linux-gnu/gcc/x86_64-linux-gnu/4.5.2/lto-wrapper
Target: x86_64-linux-gnu
Configured with: ../src/configure -v --with-pkgversion='Ubuntu/Linaro 4.5.2-8ubuntu4' --with-bugurl=file:///usr/share/doc/gcc-4.5/README.Bugs --enable-languages=c,c++,fortran,objc,obj-c++ --prefix=/usr --program-suffix=-4.5 --enable-shared --enable-multiarch --with-multiarch-defaults=x86_64-linux-gnu --enable-linker-build-id --with-system-zlib --libexecdir=/usr/lib/x86_64-linux-gnu --without-included-gettext --enable-threads=posix --with-gxx-include-dir=/usr/include/c++/4.5 --libdir=/usr/lib/x86_64-linux-gnu --enable-nls --with-sysroot=/ --enable-clocale=gnu --enable-libstdcxx-debug --enable-libstdcxx-time=yes --enable-plugin --enable-gold --enable-ld=default --with-plugin-ld=ld.gold --enable-objc-gc --disable-werror --with-arch-32=i686 --with-tune=generic --enable-checking=release --build=x86_64-linux-gnu --host=x86_64-linux-gnu --target=x86_64-linux-gnu
Thread model: posix
gcc version 4.5.2 (Ubuntu/Linaro 4.5.2-8ubuntu4) 
configure:2972: $? = 0
configure:2979: gcc -V >&5
gcc: '-V' option must have argument
configure:2983: $? = 1
configure:2986: checking whether we are using the GNU C compiler
configure:3015: gcc -c   conftest.c >&5
configure:3022: $? = 0
configure:3039: result: yes
configure:3048: checking whether gcc accepts -g
configure:3078: gcc -c -g  conftest.c >&5
configure:3085: $? = 0
configure:3186: result: yes
configure:3203: checking for gcc option to accept ISO C89
configure:3277: gcc  -c -g -O2  conftest.c >&5
configure:3284: $? = 0
configure:3307: result: none needed
configure:3331: checking how to run the C preprocessor
configure:3371: gcc -E  conftest.c
configure:3378: $? = 0
configure:3409: gcc -E  conftest.c
conftest.c:8:28: fatal error: ac_nonexistent.h: No such file or directory
compilation terminated.
configure:3416: $? = 1
configure: failed program was:
| /* confdefs.h.  */
| #define PACKAGE_NAME "STK"
| #define PACKAGE_TARNAME "stk"
| #define PACKAGE_VERSION "4.4"
| #define PACKAGE_STRING "STK 4.4"
| #define PACKAGE_BUGREPORT "gary@music.mcgill.ca"
| /* end confdefs.h.  */
| #include <ac_nonexistent.h>
configure:3449: result: gcc -E
configure:3478: gcc -E  conftest.c
configure:3485: $? = 0
configure:3516: gcc -E  conftest.c
conftest.c:8:28: fatal error: ac_nonexistent.h: No such file or directory
compilation terminated.
configure:3523: $? = 1
configure: failed program was:
| /* confdefs.h.  */
| #define PACKAGE_NAME "STK"
| #define PACKAGE_TARNAME "stk"
| #define PACKAGE_VERSION "4.4"
| #define PACKAGE_STRING "STK 4.4"
| #define PACKAGE_BUGREPORT "gary@music.mcgill.ca"
| /* end confdefs.h.  */
| #include <ac_nonexistent.h>
configure:3563: checking for grep that handles long lines and -e
configure:3623: result: /bin/grep
configure:3628: checking for egrep
configure:3692: result: /bin/grep -E
configure:3697: checking for ANSI C header files
configure:3727: gcc -c -g -O2  conftest.c >&5
configure:3734: $? = 0
configure:3833: gcc -o conftest -g -O2   conftest.c  >&5
configure:3837: $? = 0
configure:3843: ./conftest
configure:3847: $? = 0
configure:3865: result: yes
configure:3889: checking for sys/types.h
configure:3910: gcc -c -g -O2  conftest.c >&5
configure:3917: $? = 0
configure:3934: result: yes
configure:3889: checking for sys/stat.h
configure:3910: gcc -c -g -O2  conftest.c >&5
configure:3917: $? = 0
configure:3934: result: yes
configure:3889: checking for stdlib.h
configure:3910: gcc -c -g -O2  conftest.c >&5
configure:3917: $? = 0
configure:3934: result: yes
configure:3889: checking for string.h
configure:3910: gcc -c -g -O2  conftest.c >&5
configure:3917: $? = 0
configure:3934: result: yes
configure:3889: checking for memory.h
configure:3910: gcc -c -g -O2  conftest.c >&5
configure:3917: $? = 0
configure:3934: result: yes
configure:3889: checking for strings.h
configure:3910: gcc -c -g -O2  conftest.c >&5
configure:3917: $? = 0
configure:3934: result: yes
configure:3889: checking for inttypes.h
configure:3910: gcc -c -g -O2  conftest.c >&5
configure:3917: $? = 0
configure:3934: result: yes
configure:3889: checking for stdint.h
configure:3910: gcc -c -g -O2  conftest.c >&5
configure:3917: $? = 0
configure:3934: result: yes
configure:3889: checking for unistd.h
configure:3910: gcc -c -g -O2  conftest.c >&5
configure:3917: $? = 0
configure:3934: result: yes
configure:3968: checking fcntl.h usability
configure:3985: gcc -c -g -O2  conftest.c >&5
configure:3992: $? = 0
configure:4006: result: yes
configure:4010: checking fcntl.h presence
configure:4025: gcc -E  conftest.c
configure:4032: $? = 0
configure:4046: result: yes
configure:4079: checking for fcntl.h
configure:4088: result: yes
configure:3968: checking sys/ioctl.h usability
configure:3985: gcc -c -g -O2  conftest.c >&5
configure:3992: $? = 0
configure:4006: result: yes
configure:4010: checking sys/ioctl.h presence
configure:4025: gcc -E  conftest.c
configure:4032: $? = 0
configure:4046: result: yes
configure:4079: checking for sys/ioctl.h
configure:4088: result: yes
configure:3968: checking sys/time.h usability
configure:3985: gcc -c -g -O2  conftest.c >&5
configure:3992: $? = 0
configure:4006: result: yes
configure:4010: checking sys/time.h presence
configure:4025: gcc -E  conftest.c
configure:4032: $? = 0
configure:4046: result: yes
configure:4079: checking for sys/time.h
configure:4088: result: yes
configure:3968: checking termio.h usability
configure:3985: gcc -c -g -O2  conftest.c >&5
configure:3992: $? = 0
configure:4006: result: yes
configure:4010: checking termio.h presence
configure:4025: gcc -E  conftest.c
configure:4032: $? = 0
configure:4046: result: yes
configure:4079: checking for termio.h
configure:4088: result: yes
configure:3957: checking for unistd.h
configure:3964: result: yes
configure:4105: checking for an ANSI C-conforming const
configure:4180: gcc -c -g -O2  conftest.c >&5
configure:4187: $? = 0
configure:4202: result: yes
configure:4212: checking for size_t
configure:4240: gcc -c -g -O2  conftest.c >&5
configure:4247: $? = 0
configure:4274: gcc -c -g -O2  conftest.c >&5
conftest.c: In function 'main':
conftest.c:59:21: error: expected expression before ')' token
configure:4281: $? = 1
configure: failed program was:
| /* confdefs.h.  */
| #define PACKAGE_NAME "STK"
| #define PACKAGE_TARNAME "stk"
| #define PACKAGE_VERSION "4.4"
| #define PACKAGE_STRING "STK 4.4"
| #define PACKAGE_BUGREPORT "gary@music.mcgill.ca"
| #define STDC_HEADERS 1
| #define HAVE_SYS_TYPES_H 1
| #define HAVE_SYS_STAT_H 1
| #define HAVE_STDLIB_H 1
| #define HAVE_STRING_H 1
| #define HAVE_MEMORY_H 1
| #define HAVE_STRINGS_H 1
| #define HAVE_INTTYPES_H 1
| #define HAVE_STDINT_H 1
| #define HAVE_UNISTD_H 1
| #define HAVE_FCNTL_H 1
| #define HAVE_SYS_IOCTL_H 1
| #define HAVE_SYS_TIME_H 1
| #define HAVE_TERMIO_H 1
| #define HAVE_UNISTD_H 1
| /* end confdefs.h.  */
| #include <stdio.h>
| #ifdef HAVE_SYS_TYPES_H
| # include <sys/types.h>
| #endif
| #ifdef HAVE_SYS_STAT_H
| # include <sys/stat.h>
| #endif
| #ifdef STDC_HEADERS
| # include <stdlib.h>
| # include <stddef.h>
| #else
| # ifdef HAVE_STDLIB_H
| #  include <stdlib.h>
| # endif
| #endif
| #ifdef HAVE_STRING_H
| # if !defined STDC_HEADERS && defined HAVE_MEMORY_H
| #  include <memory.h>
| # endif
| # include <string.h>
| #endif
| #ifdef HAVE_STRINGS_H
| # include <strings.h>
| #endif
| #ifdef HAVE_INTTYPES_H
| # include <inttypes.h>
| #endif
| #ifdef HAVE_STDINT_H
| # include <stdint.h>
| #endif
| #ifdef HAVE_UNISTD_H
| # include <unistd.h>
| #endif
| int
| main ()
| {
| if (sizeof ((size_t)))
| 	  return 0;
|   ;
|   return 0;
| }
configure:4304: result: yes
configure:4316: checking whether time.h and sys/time.h may both be included
configure:4346: gcc -c -g -O2  conftest.c >&5
configure:4353: $? = 0
configure:4368: result: yes
configure:4379: checking whether byte ordering is bigendian
configure:4404: gcc -c -g -O2  conftest.c >&5
conftest.c:25:13: error: expected '=', ',', ';', 'asm' or '__attribute__' before 'a'
configure:4411: $? = 1
configure: failed program was:
| /* confdefs.h.  */
| #define PACKAGE_NAME "STK"
| #define PACKAGE_TARNAME "stk"
| #define PACKAGE_VERSION "4.4"
| #define PACKAGE_STRING "STK 4.4"
| #define PACKAGE_BUGREPORT "gary@music.mcgill.ca"
| #define STDC_HEADERS 1
| #define HAVE_SYS_TYPES_H 1
| #define HAVE_SYS_STAT_H 1
| #define HAVE_STDLIB_H 1
| #define HAVE_STRING_H 1
| #define HAVE_MEMORY_H 1
| #define HAVE_STRINGS_H 1
| #define HAVE_INTTYPES_H 1
| #define HAVE_STDINT_H 1
| #define HAVE_UNISTD_H 1
| #define HAVE_FCNTL_H 1
| #define HAVE_SYS_IOCTL_H 1
| #define HAVE_SYS_TIME_H 1
| #define HAVE_TERMIO_H 1
| #define HAVE_UNISTD_H 1
| #define TIME_WITH_SYS_TIME 1
| /* end confdefs.h.  */
| #ifndef __APPLE_CC__
| 	       not a universal capable compiler
| 	     #endif
| 	     typedef int dummy;
| 
configure:4461: gcc -c -g -O2  conftest.c >&5
configure:4468: $? = 0
configure:4500: gcc -c -g -O2  conftest.c >&5
conftest.c: In function 'main':
conftest.c:31:4: error: 'not' undeclared (first use in this function)
conftest.c:31:4: note: each undeclared identifier is reported only once for each function it appears in
conftest.c:31:8: error: expected ';' before 'big'
configure:4507: $? = 1
configure: failed program was:
| /* confdefs.h.  */
| #define PACKAGE_NAME "STK"
| #define PACKAGE_TARNAME "stk"
| #define PACKAGE_VERSION "4.4"
| #define PACKAGE_STRING "STK 4.4"
| #define PACKAGE_BUGREPORT "gary@music.mcgill.ca"
| #define STDC_HEADERS 1
| #define HAVE_SYS_TYPES_H 1
| #define HAVE_SYS_STAT_H 1
| #define HAVE_STDLIB_H 1
| #define HAVE_STRING_H 1
| #define HAVE_MEMORY_H 1
| #define HAVE_STRINGS_H 1
| #define HAVE_INTTYPES_H 1
| #define HAVE_STDINT_H 1
| #define HAVE_UNISTD_H 1
| #define HAVE_FCNTL_H 1
| #define HAVE_SYS_IOCTL_H 1
| #define HAVE_SYS_TIME_H 1
| #define HAVE_TERMIO_H 1
| #define HAVE_UNISTD_H 1
| #define TIME_WITH_SYS_TIME 1
| /* end confdefs.h.  */
| #include <sys/types.h>
| 		#include <sys/param.h>
| 
| int
| main ()
| {
| #if BYTE_ORDER != BIG_ENDIAN
| 		 not big endian
| 		#endif
| 
|   ;
|   return 0;
| }
configure:4759: result: no
configure:4803: checking for RAWWAVE_PATH argument
configure:4807: result: 
configure:4810: checking for INCLUDE_PATH argument
configure:4814: result: 
configure:4818: checking whether to compile realtime support
configure:4832: result: yes
configure:4837: checking for cos in -lm
configure:4872: gcc -o conftest -g -O2   conftest.c -lm   >&5
conftest.c:31:6: warning: conflicting types for built-in function 'cos'
configure:4879: $? = 0
configure:4900: result: yes
configure:4917: checking whether to compile debug version
configure:4941: result: no
configure:4951: checking for select
configure:5007: gcc -o conftest -g -O2   conftest.c -lm  >&5
configure:5014: $? = 0
configure:5036: result: yes
configure:4951: checking for socket
configure:5007: gcc -o conftest -g -O2   conftest.c -lm  >&5
configure:5014: $? = 0
configure:5036: result: yes
configure:5048: checking for gettimeofday
configure:5104: gcc -o conftest -g -O2   conftest.c -lm  >&5
configure:5111: $? = 0
configure:5131: result: yes
configure:5160: checking build system type
configure:5178: result: x86_64-unknown-linux-gnu
configure:5200: checking host system type
configure:5215: result: x86_64-unknown-linux-gnu
configure:5256: checking for audio API
configure:5531: result: using ALSA
configure:5536: checking for snd_pcm_open in -lasound
configure:5571: gcc -o conftest -g -O2   -DHAVE_GETTIMEOFDAY  conftest.c -lasound  -lm  >&5
configure:5578: $? = 0
configure:5599: result: yes
configure:5618: checking for snd_pcm_open in -lasound
configure:5681: result: yes
configure:5699: checking for pthread_create in -lpthread
configure:5734: gcc -o conftest -g -O2   -DHAVE_GETTIMEOFDAY  conftest.c -lpthread  -lasound -lasound -lm  >&5
configure:5741: $? = 0
configure:5762: result: yes
configure:6442: creating ./config.status

## ---------------------- ##
## Running config.status. ##
## ---------------------- ##

This file was extended by STK config.status 4.4, which was
generated by GNU Autoconf 2.63.  Invocation command line was

  CONFIG_FILES    = 
  CONFIG_HEADERS  = 
  CONFIG_LINKS    = 
  CONFIG_COMMANDS = 
  $ ./config.status 

on dragoon

config.status:680: creating Makefile
config.status:680: creating src/Makefile
config.status:680: creating projects/demo/Makefile
config.status:680: creating projects/effects/Makefile
config.status:680: creating projects/ragamatic/Makefile
config.status:680: creating projects/examples/Makefile
config.status:680: creating projects/examples/libMakefile

## ---------------- ##
## Cache variables. ##
## ---------------- ##

ac_cv_build=x86_64-unknown-linux-gnu
ac_cv_c_bigendian=no
ac_cv_c_compiler_gnu=yes
ac_cv_c_const=yes
ac_cv_cxx_compiler_gnu=yes
ac_cv_env_CCC_set=
ac_cv_env_CCC_value=
ac_cv_env_CC_set=
ac_cv_env_CC_value=
ac_cv_env_CFLAGS_set=
ac_cv_env_CFLAGS_value=
ac_cv_env_CPPFLAGS_set=
ac_cv_env_CPPFLAGS_value=
ac_cv_env_CPP_set=
ac_cv_env_CPP_value=
ac_cv_env_CXXFLAGS_set=
ac_cv_env_CXXFLAGS_value=
ac_cv_env_CXX_set=
ac_cv_env_CXX_value=
ac_cv_env_LDFLAGS_set=
ac_cv_env_LDFLAGS_value=
ac_cv_env_LIBS_set=
ac_cv_env_LIBS_value=
ac_cv_env_build_alias_set=
ac_cv_env_build_alias_value=
ac_cv_env_host_alias_set=
ac_cv_env_host_alias_value=
ac_cv_env_target_alias_set=
ac_cv_env_target_alias_value=
ac_cv_func_gettimeofday=yes
ac_cv_func_select=yes
ac_cv_func_socket=yes
ac_cv_header_fcntl_h=yes
ac_cv_header_inttypes_h=yes
ac_cv_header_memory_h=yes
ac_cv_header_stdc=yes
ac_cv_header_stdint_h=yes
ac_cv_header_stdlib_h=yes
ac_cv_header_string_h=yes
ac_cv_header_strings_h=yes
ac_cv_header_sys_ioctl_h=yes
ac_cv_header_sys_stat_h=yes
ac_cv_header_sys_time_h=yes
ac_cv_header_sys_types_h=yes
ac_cv_header_termio_h=yes
ac_cv_header_time=yes
ac_cv_header_unistd_h=yes
ac_cv_host=x86_64-unknown-linux-gnu
ac_cv_lib_asound_snd_pcm_open=yes
ac_cv_lib_m_cos=yes
ac_cv_lib_pthread_pthread_create=yes
ac_cv_objext=o
ac_cv_path_AR=/usr/bin/ar
ac_cv_path_EGREP='/bin/grep -E'
ac_cv_path_GREP=/bin/grep
ac_cv_prog_CPP='gcc -E'
ac_cv_prog_ac_ct_CC=gcc
ac_cv_prog_ac_ct_CXX=g++
ac_cv_prog_ac_ct_RANLIB=ranlib
ac_cv_prog_cc_c89=
ac_cv_prog_cc_g=yes
ac_cv_prog_cxx_g=yes
ac_cv_type_size_t=yes

## ----------------- ##
## Output variables. ##
## ----------------- ##

AR='/usr/bin/ar'
CC='gcc'
CFLAGS='-g -O2'
CPP='gcc -E'
CPPFLAGS='  -DHAVE_GETTIMEOFDAY -D__LINUX_ALSA__ -D__LINUX_ALSASEQ__'
CXX='g++'
CXXFLAGS='-O3 -Wall'
DEFS='-DPACKAGE_NAME=\"STK\" -DPACKAGE_TARNAME=\"stk\" -DPACKAGE_VERSION=\"4.4\" -DPACKAGE_STRING=\"STK\ 4.4\" -DPACKAGE_BUGREPORT=\"gary@music.mcgill.ca\" -DSTDC_HEADERS=1 -DHAVE_SYS_TYPES_H=1 -DHAVE_SYS_STAT_H=1 -DHAVE_STDLIB_H=1 -DHAVE_STRING_H=1 -DHAVE_MEMORY_H=1 -DHAVE_STRINGS_H=1 -DHAVE_INTTYPES_H=1 -DHAVE_STDINT_H=1 -DHAVE_UNISTD_H=1 -DHAVE_FCNTL_H=1 -DHAVE_SYS_IOCTL_H=1 -DHAVE_SYS_TIME_H=1 -DHAVE_TERMIO_H=1 -DHAVE_UNISTD_H=1 -DTIME_WITH_SYS_TIME=1 -DHAVE_LIBM=1 -DHAVE_SELECT=1 -DHAVE_SOCKET=1 -DHAVE_LIBASOUND=1 -DHAVE_LIBASOUND=1 -DHAVE_LIBPTHREAD=1'
ECHO_C=''
ECHO_N='-n'
ECHO_T=''
EGREP='/bin/grep -E'
EXEEXT=''
GREP='/bin/grep'
GXX='yes'
LDFLAGS=''
LIBOBJS=''
LIBS='-lpthread -lasound -lasound -lm '
LTLIBOBJS=''
OBJEXT='o'
PACKAGE_BUGREPORT='gary@music.mcgill.ca'
PACKAGE_NAME='STK'
PACKAGE_STRING='STK 4.4'
PACKAGE_TARNAME='stk'
PACKAGE_VERSION='4.4'
PATH_SEPARATOR=':'
RANLIB='ranlib'
SHELL='/bin/bash'
ac_ct_CC='gcc'
ac_ct_CXX='g++'
api='-D__LINUX_ALSA__ -D__LINUX_ALSASEQ__'
bindir='${exec_prefix}/bin'
build='x86_64-unknown-linux-gnu'
build_alias=''
build_cpu='x86_64'
build_os='linux-gnu'
build_vendor='unknown'
byte_order='-D__LITTLE_ENDIAN__'
cppflag=' -DHAVE_GETTIMEOFDAY'
cxxflag='-Wall'
datadir='${datarootdir}'
datarootdir='${prefix}/share'
debug='no'
docdir='${datarootdir}/doc/${PACKAGE_TARNAME}'
dvidir='${docdir}'
exec_prefix='${prefix}'
host='x86_64-unknown-linux-gnu'
host_alias=''
host_cpu='x86_64'
host_os='linux-gnu'
host_vendor='unknown'
htmldir='${docdir}'
include=''
includedir='${prefix}/include'
infodir='${datarootdir}/info'
libdir='${exec_prefix}/lib'
libexecdir='${exec_prefix}/libexec'
libflags='-shared -Wl,-soname,$(SHAREDLIB).$(MAJOR) -o $(SHAREDLIB).$(RELEASE)'
localedir='${datarootdir}/locale'
localstatedir='${prefix}/var'
mandir='${datarootdir}/man'
object_path='Release'
objects=''
oldincludedir='/usr/include'
pdfdir='${docdir}'
prefix='/usr/local'
program_transform_name='s,x,x,'
psdir='${docdir}'
rawwaves=''
realtime='yes'
sbindir='${exec_prefix}/sbin'
sharedlib='libstk.so'
sharedname='libstk.so.$(RELEASE)'
sharedstatedir='${prefix}/com'
sound_api=''
sysconfdir='${prefix}/etc'
target_alias=''

## ----------- ##
## confdefs.h. ##
## ----------- ##

#define PACKAGE_NAME "STK"
#define PACKAGE_TARNAME "stk"
#define PACKAGE_VERSION "4.4"
#define PACKAGE_STRING "STK 4.4"
#define PACKAGE_BUGREPORT "gary@music.mcgill.ca"
#define STDC_HEADERS 1
#define HAVE_SYS_TYPES_H 1
#define HAVE_SYS_STAT_H 1
#define HAVE_STDLIB_H 1
#define HAVE_STRING_H 1
#define HAVE_MEMORY_H 1
#define HAVE_STRINGS_H 1
#define HAVE_INTTYPES_H 1
#define HAVE_STDINT_H 1
#define HAVE_UNISTD_H 1
#define HAVE_FCNTL_H 1
#define HAVE_SYS_IOCTL_H 1
#define HAVE_SYS_TIME_H 1
#define HAVE_TERMIO_H 1
#define HAVE_UNISTD_H 1
#define TIME_WITH_SYS_TIME 1
#define HAVE_LIBM 1
#define HAVE_SELECT 1
#define HAVE_SOCKET 1
#define HAVE_LIBASOUND 1
#define HAVE_LIBASOUND 1
#define HAVE_LIBPTHREAD 1

configure: exit 0
